Using pre-set license
Built from '2021.3/release' branch; Version is '2021.3.17f1 (3e8111cac19d) revision 4096273'; Using compiler version '192829333'; Build Type 'Release'
OS: 'Windows 10  (10.0.19045) 64bit Professional' Language: 'en' Physical Memory: 32719 MB
BatchMode: 1, IsHumanControllingUs: 0, StartBugReporterOnCrash: 0, Is64bit: 1, IsPro: 1

COMMAND LINE ARGUMENTS:
D:\UnityInstallUni\Unity 2021.3.17f1\Editor\Unity.exe
-adb2
-batchMode
-noUpm
-name
AssetImportWorker3
-projectPath
D:/UnityProjects/2007 repo/COMP2007-cw2/Comp2007cw2
-logFile
Logs/AssetImportWorker3.log
-srvPort
60404
Successfully changed project path to: D:/UnityProjects/2007 repo/COMP2007-cw2/Comp2007cw2
D:/UnityProjects/2007 repo/COMP2007-cw2/Comp2007cw2
[UnityMemory] Configuration Parameters - Can be set up in boot.config
    "memorysetup-bucket-allocator-granularity=16"
    "memorysetup-bucket-allocator-bucket-count=8"
    "memorysetup-bucket-allocator-block-size=33554432"
    "memorysetup-bucket-allocator-block-count=8"
    "memorysetup-main-allocator-block-size=16777216"
    "memorysetup-thread-allocator-block-size=16777216"
    "memorysetup-gfx-main-allocator-block-size=16777216"
    "memorysetup-gfx-thread-allocator-block-size=16777216"
    "memorysetup-cache-allocator-block-size=4194304"
    "memorysetup-typetree-allocator-block-size=2097152"
    "memorysetup-profiler-bucket-allocator-granularity=16"
    "memorysetup-profiler-bucket-allocator-bucket-count=8"
    "memorysetup-profiler-bucket-allocator-block-size=33554432"
    "memorysetup-profiler-bucket-allocator-block-count=8"
    "memorysetup-profiler-allocator-block-size=16777216"
    "memorysetup-profiler-editor-allocator-block-size=1048576"
    "memorysetup-temp-allocator-size-main=16777216"
    "memorysetup-job-temp-allocator-block-size=2097152"
    "memorysetup-job-temp-allocator-block-size-background=1048576"
    "memorysetup-job-temp-allocator-reduction-small-platforms=262144"
    "memorysetup-temp-allocator-size-background-worker=32768"
    "memorysetup-temp-allocator-size-job-worker=262144"
    "memorysetup-temp-allocator-size-preload-manager=33554432"
    "memorysetup-temp-allocator-size-nav-mesh-worker=65536"
    "memorysetup-temp-allocator-size-audio-worker=65536"
    "memorysetup-temp-allocator-size-cloud-worker=32768"
    "memorysetup-temp-allocator-size-gi-baking-worker=262144"
    "memorysetup-temp-allocator-size-gfx=262144"
Player connection [3368] Host "[IP] 192.168.56.1 [Port] 0 [Flags] 2 [Guid] 3232540423 [EditorId] 3232540423 [Version] 1048832 [Id] WindowsEditor(7,DESKTOP-4PM7R2C) [Debug] 1 [PackageName] WindowsEditor [ProjectName] Editor" joined multi-casting on [225.0.0.222:54997]...

Player connection [3368] Host "[IP] 192.168.56.1 [Port] 0 [Flags] 2 [Guid] 3232540423 [EditorId] 3232540423 [Version] 1048832 [Id] WindowsEditor(7,DESKTOP-4PM7R2C) [Debug] 1 [PackageName] WindowsEditor [ProjectName] Editor" joined alternative multi-casting on [225.0.0.222:34997]...

Refreshing native plugins compatible for Editor in 122.79 ms, found 3 plugins.
Preloading 0 native plugins for Editor in 0.00 ms.
Initialize engine version: 2021.3.17f1 (3e8111cac19d)
[Subsystems] Discovering subsystems at path D:/UnityInstallUni/Unity 2021.3.17f1/Editor/Data/Resources/UnitySubsystems
[Subsystems] Discovering subsystems at path D:/UnityProjects/2007 repo/COMP2007-cw2/Comp2007cw2/Assets
GfxDevice: creating device client; threaded=0; jobified=0
Direct3D:
    Version:  Direct3D 11.0 [level 11.1]
    Renderer: NVIDIA GeForce GTX 1080 (ID=0x1b80)
    Vendor:   NVIDIA
    VRAM:     8072 MB
    Driver:   31.0.15.3758
Initialize mono
Mono path[0] = 'D:/UnityInstallUni/Unity 2021.3.17f1/Editor/Data/Managed'
Mono path[1] = 'D:/UnityInstallUni/Unity 2021.3.17f1/Editor/Data/MonoBleedingEdge/lib/mono/unityjit-win32'
Mono config path = 'D:/UnityInstallUni/Unity 2021.3.17f1/Editor/Data/MonoBleedingEdge/etc'
Using monoOptions --debugger-agent=transport=dt_socket,embedding=1,server=y,suspend=n,address=127.0.0.1:56536
Begin MonoManager ReloadAssembly
Registering precompiled unity dll's ...
Register platform support module: D:/UnityInstallUni/Unity 2021.3.17f1/Editor/Data/PlaybackEngines/WindowsStandaloneSupport/UnityEditor.WindowsStandalone.Extensions.dll
Registered in 0.003135 seconds.
Native extension for WindowsStandalone target not found
Refreshing native plugins compatible for Editor in 150.68 ms, found 3 plugins.
Preloading 0 native plugins for Editor in 0.00 ms.
Mono: successfully reloaded assembly
- Completed reload, in  0.780 seconds
Domain Reload Profiling:
	ReloadAssembly (780ms)
		BeginReloadAssembly (68ms)
			ExecutionOrderSort (0ms)
			DisableScriptedObjects (0ms)
			BackupInstance (0ms)
			ReleaseScriptingObjects (0ms)
			CreateAndSetChildDomain (1ms)
		EndReloadAssembly (611ms)
			LoadAssemblies (67ms)
			RebuildTransferFunctionScriptingTraits (0ms)
			SetupTypeCache (138ms)
			ReleaseScriptCaches (0ms)
			RebuildScriptCaches (27ms)
			SetupLoadedEditorAssemblies (398ms)
				LogAssemblyErrors (0ms)
				InitializePlatformSupportModulesInManaged (6ms)
				SetLoadedEditorAssemblies (0ms)
				RefreshPlugins (151ms)
				BeforeProcessingInitializeOnLoad (1ms)
				ProcessInitializeOnLoadAttributes (189ms)
				ProcessInitializeOnLoadMethodAttributes (51ms)
				AfterProcessingInitializeOnLoad (0ms)
				EditorAssembliesLoaded (0ms)
			ExecutionOrderSort2 (0ms)
			AwakeInstancesAfterBackupRestoration (0ms)
Platform modules already initialized, skipping
Registering precompiled user dll's ...
Registered in 0.006419 seconds.
Begin MonoManager ReloadAssembly
Symbol file LoadedFromMemory doesn't match image D:\UnityProjects\2007 repo\COMP2007-cw2\Comp2007cw2\Library\PackageCache\com.unity.visualscripting@1.8.0\Editor\VisualScripting.Core\Dependencies\YamlDotNet\Unity.VisualScripting.YamlDotNet.dll
Symbol file LoadedFromMemory doesn't match image D:\UnityProjects\2007 repo\COMP2007-cw2\Comp2007cw2\Library\PackageCache\com.unity.visualscripting@1.8.0\Editor\VisualScripting.Core\Dependencies\DotNetZip\Unity.VisualScripting.IonicZip.dll
Native extension for WindowsStandalone target not found
Refreshing native plugins compatible for Editor in 126.14 ms, found 3 plugins.
Preloading 0 native plugins for Editor in 0.00 ms.
Mono: successfully reloaded assembly
- Completed reload, in  1.292 seconds
Domain Reload Profiling:
	ReloadAssembly (1293ms)
		BeginReloadAssembly (95ms)
			ExecutionOrderSort (0ms)
			DisableScriptedObjects (5ms)
			BackupInstance (0ms)
			ReleaseScriptingObjects (0ms)
			CreateAndSetChildDomain (18ms)
		EndReloadAssembly (1095ms)
			LoadAssemblies (75ms)
			RebuildTransferFunctionScriptingTraits (0ms)
			SetupTypeCache (249ms)
			ReleaseScriptCaches (1ms)
			RebuildScriptCaches (63ms)
			SetupLoadedEditorAssemblies (670ms)
				LogAssemblyErrors (0ms)
				InitializePlatformSupportModulesInManaged (3ms)
				SetLoadedEditorAssemblies (0ms)
				RefreshPlugins (126ms)
				BeforeProcessingInitializeOnLoad (191ms)
				ProcessInitializeOnLoadAttributes (269ms)
				ProcessInitializeOnLoadMethodAttributes (77ms)
				AfterProcessingInitializeOnLoad (3ms)
				EditorAssembliesLoaded (0ms)
			ExecutionOrderSort2 (0ms)
			AwakeInstancesAfterBackupRestoration (6ms)
Platform modules already initialized, skipping
========================================================================
Worker process is ready to serve import requests
Launched and connected shader compiler UnityShaderCompiler.exe after 0.04 seconds
Refreshing native plugins compatible for Editor in 1.14 ms, found 3 plugins.
Preloading 0 native plugins for Editor in 0.00 ms.
Unloading 5655 Unused Serialized files (Serialized files now loaded: 0)
Unloading 45 unused Assets / (456.4 KB). Loaded Objects now: 6122.
Memory consumption went from 227.4 MB to 227.0 MB.
Total: 4.620300 ms (FindLiveObjects: 0.607500 ms CreateObjectMapping: 0.291800 ms MarkObjects: 3.499100 ms  DeleteObjects: 0.220600 ms)

AssetImportParameters requested are different than current active one (requested -> active):
  custom:video-decoder-ogg-theora: a1e56fd34408186e4bbccfd4996cb3dc -> 
  custom:container-muxer-webm: aa71ff27fc2769a1b78a27578f13a17b -> 
  custom:container-demuxer-webm: 4f35f7cbe854078d1ac9338744f61a02 -> 
  custom:video-encoder-webm-vp8: eb34c28f22e8b96e1ab97ce403110664 -> 
  custom:video-codec-MediaFoundation-h265: 746d11721c4dcdbdad8f713fa42b33f4 -> 
  custom:audio-encoder-webm-vorbis: bf7c407c2cedff20999df2af8eb42d56 -> 
  custom:framework-win-MediaFoundation: 216162199b28c13a410421893ffa2e32 -> 
  custom:container-demuxer-ogg: 62fdf1f143b41e24485cea50d1cbac27 -> 
  custom:video-decoder-webm-vp8: 9c59270c3fd7afecdb556c50c9e8de78 -> 
  custom:audio-decoder-ogg-vorbis: bf7c407c2cedff20999df2af8eb42d56 -> 
========================================================================
Received Import Request.
  Time since last request: 6159.329183 seconds.
  path: Assets/CharAnims/Flying Back Death.fbx
  artifactKey: Guid(aff0813594a634541aeec864f85e94c5) Importer(815301076,1909f56bfc062723c751e8b465ee728b)
Start importing Assets/CharAnims/Flying Back Death.fbx using Guid(aff0813594a634541aeec864f85e94c5) Importer(815301076,1909f56bfc062723c751e8b465ee728b)  -> (artifact id: '042aa99add1fc6330a1a76ff6592cb57') in 0.391617 seconds 
========================================================================
Received Import Request.
  Time since last request: 0.000057 seconds.
  path: Assets/CharAnims/Walking.fbx
  artifactKey: Guid(b4329e1fe0e6b8b4790bff296b2bff0a) Importer(815301076,1909f56bfc062723c751e8b465ee728b)
Start importing Assets/CharAnims/Walking.fbx using Guid(b4329e1fe0e6b8b4790bff296b2bff0a) Importer(815301076,1909f56bfc062723c751e8b465ee728b)  -> (artifact id: '8d4b7f5755183bc881b44c5a6f78af72') in 0.089802 seconds 
========================================================================
Received Import Request.
  Time since last request: 0.000035 seconds.
  path: Assets/CharAnims/Shooting (3).fbx
  artifactKey: Guid(f59a3507fb7274d49be01b664ac445a9) Importer(815301076,1909f56bfc062723c751e8b465ee728b)
Start importing Assets/CharAnims/Shooting (3).fbx using Guid(f59a3507fb7274d49be01b664ac445a9) Importer(815301076,1909f56bfc062723c751e8b465ee728b)  -> (artifact id: 'f32ad340c6a9097d261df3d03a151902') in 0.132684 seconds 
========================================================================
Received Import Request.
  Time since last request: 0.000024 seconds.
  path: Assets/CharAnims/Jumping.fbx
  artifactKey: Guid(50ea753666b13124698ee93c6d249257) Importer(815301076,1909f56bfc062723c751e8b465ee728b)
Start importing Assets/CharAnims/Jumping.fbx using Guid(50ea753666b13124698ee93c6d249257) Importer(815301076,1909f56bfc062723c751e8b465ee728b)  -> (artifact id: '215b9a6e83af0f29add58f8eabf582f7') in 0.086019 seconds 
========================================================================
Received Import Request.
  Time since last request: 0.000029 seconds.
  path: Assets/CharAnims/Idle.fbx
  artifactKey: Guid(1dea6eee0329cf045be7d0f08747af32) Importer(815301076,1909f56bfc062723c751e8b465ee728b)
Start importing Assets/CharAnims/Idle.fbx using Guid(1dea6eee0329cf045be7d0f08747af32) Importer(815301076,1909f56bfc062723c751e8b465ee728b)  -> (artifact id: '0c05bb2187d937705a34c6228b084fc3') in 0.128848 seconds 
========================================================================
Received Import Request.
  Time since last request: 0.000035 seconds.
  path: Assets/CharAnims/Idle (1).fbx
  artifactKey: Guid(e8ee1274bf4ae154b8d2710c874e2d48) Importer(815301076,1909f56bfc062723c751e8b465ee728b)
Start importing Assets/CharAnims/Idle (1).fbx using Guid(e8ee1274bf4ae154b8d2710c874e2d48) Importer(815301076,1909f56bfc062723c751e8b465ee728b)  -> (artifact id: '4edc88e69e9d97738ec917cc3b26bde5') in 0.142626 seconds 
========================================================================
Received Import Request.
  Time since last request: 0.000022 seconds.
  path: Assets/CharAnims/Shooting.fbx
  artifactKey: Guid(1bb7cec210f48844bbfe7d89850f9984) Importer(815301076,1909f56bfc062723c751e8b465ee728b)
Start importing Assets/CharAnims/Shooting.fbx using Guid(1bb7cec210f48844bbfe7d89850f9984) Importer(815301076,1909f56bfc062723c751e8b465ee728b)  -> (artifact id: '10cdcc8fcca84781371176ed02e4b860') in 0.087209 seconds 
========================================================================
Received Import Request.
  Time since last request: 0.000023 seconds.
  path: Assets/CharAnims/Injured Wave Idle (1).fbx
  artifactKey: Guid(8a2cb0884a5e87b45ad0964f123bd491) Importer(815301076,1909f56bfc062723c751e8b465ee728b)
Start importing Assets/CharAnims/Injured Wave Idle (1).fbx using Guid(8a2cb0884a5e87b45ad0964f123bd491) Importer(815301076,1909f56bfc062723c751e8b465ee728b)  -> (artifact id: '5d4b52fba1e21652b387f32b206cd3fb') in 0.292172 seconds 
Editor requested this worker to shutdown with reason: Scaling down because of idle timeout
AssetImportWorker is now disconnected from the server
Process exiting
Exiting without the bug reporter. Application will terminate with return code 0