Using pre-set license
Built from '2021.3/release' branch; Version is '2021.3.17f1 (3e8111cac19d) revision 4096273'; Using compiler version '192829333'; Build Type 'Release'
OS: 'Windows 10  (10.0.19045) 64bit Professional' Language: 'en' Physical Memory: 32719 MB
BatchMode: 1, IsHumanControllingUs: 0, StartBugReporterOnCrash: 0, Is64bit: 1, IsPro: 1

COMMAND LINE ARGUMENTS:
D:\UnityInstallUni\Unity 2021.3.17f1\Editor\Unity.exe
-adb2
-batchMode
-noUpm
-name
AssetImportWorker1
-projectPath
D:/UnityProjects/2007 repo/COMP2007-cw2/Comp2007cw2
-logFile
Logs/AssetImportWorker1.log
-srvPort
60404
Successfully changed project path to: D:/UnityProjects/2007 repo/COMP2007-cw2/Comp2007cw2
D:/UnityProjects/2007 repo/COMP2007-cw2/Comp2007cw2
[UnityMemory] Configuration Parameters - Can be set up in boot.config
    "memorysetup-bucket-allocator-granularity=16"
    "memorysetup-bucket-allocator-bucket-count=8"
    "memorysetup-bucket-allocator-block-size=33554432"
    "memorysetup-bucket-allocator-block-count=8"
    "memorysetup-main-allocator-block-size=16777216"
    "memorysetup-thread-allocator-block-size=16777216"
    "memorysetup-gfx-main-allocator-block-size=16777216"
    "memorysetup-gfx-thread-allocator-block-size=16777216"
    "memorysetup-cache-allocator-block-size=4194304"
    "memorysetup-typetree-allocator-block-size=2097152"
    "memorysetup-profiler-bucket-allocator-granularity=16"
    "memorysetup-profiler-bucket-allocator-bucket-count=8"
    "memorysetup-profiler-bucket-allocator-block-size=33554432"
    "memorysetup-profiler-bucket-allocator-block-count=8"
    "memorysetup-profiler-allocator-block-size=16777216"
    "memorysetup-profiler-editor-allocator-block-size=1048576"
    "memorysetup-temp-allocator-size-main=16777216"
    "memorysetup-job-temp-allocator-block-size=2097152"
    "memorysetup-job-temp-allocator-block-size-background=1048576"
    "memorysetup-job-temp-allocator-reduction-small-platforms=262144"
    "memorysetup-temp-allocator-size-background-worker=32768"
    "memorysetup-temp-allocator-size-job-worker=262144"
    "memorysetup-temp-allocator-size-preload-manager=33554432"
    "memorysetup-temp-allocator-size-nav-mesh-worker=65536"
    "memorysetup-temp-allocator-size-audio-worker=65536"
    "memorysetup-temp-allocator-size-cloud-worker=32768"
    "memorysetup-temp-allocator-size-gi-baking-worker=262144"
    "memorysetup-temp-allocator-size-gfx=262144"
Player connection [10664] Host "[IP] 192.168.56.1 [Port] 0 [Flags] 2 [Guid] 3183191960 [EditorId] 3183191960 [Version] 1048832 [Id] WindowsEditor(7,DESKTOP-4PM7R2C) [Debug] 1 [PackageName] WindowsEditor [ProjectName] Editor" joined multi-casting on [225.0.0.222:54997]...

Player connection [10664] Host "[IP] 192.168.56.1 [Port] 0 [Flags] 2 [Guid] 3183191960 [EditorId] 3183191960 [Version] 1048832 [Id] WindowsEditor(7,DESKTOP-4PM7R2C) [Debug] 1 [PackageName] WindowsEditor [ProjectName] Editor" joined alternative multi-casting on [225.0.0.222:34997]...

Refreshing native plugins compatible for Editor in 118.98 ms, found 3 plugins.
Preloading 0 native plugins for Editor in 0.00 ms.
Initialize engine version: 2021.3.17f1 (3e8111cac19d)
[Subsystems] Discovering subsystems at path D:/UnityInstallUni/Unity 2021.3.17f1/Editor/Data/Resources/UnitySubsystems
[Subsystems] Discovering subsystems at path D:/UnityProjects/2007 repo/COMP2007-cw2/Comp2007cw2/Assets
GfxDevice: creating device client; threaded=0; jobified=0
Direct3D:
    Version:  Direct3D 11.0 [level 11.1]
    Renderer: NVIDIA GeForce GTX 1080 (ID=0x1b80)
    Vendor:   NVIDIA
    VRAM:     8072 MB
    Driver:   31.0.15.3758
Initialize mono
Mono path[0] = 'D:/UnityInstallUni/Unity 2021.3.17f1/Editor/Data/Managed'
Mono path[1] = 'D:/UnityInstallUni/Unity 2021.3.17f1/Editor/Data/MonoBleedingEdge/lib/mono/unityjit-win32'
Mono config path = 'D:/UnityInstallUni/Unity 2021.3.17f1/Editor/Data/MonoBleedingEdge/etc'
Using monoOptions --debugger-agent=transport=dt_socket,embedding=1,server=y,suspend=n,address=127.0.0.1:56716
Begin MonoManager ReloadAssembly
Registering precompiled unity dll's ...
Register platform support module: D:/UnityInstallUni/Unity 2021.3.17f1/Editor/Data/PlaybackEngines/WindowsStandaloneSupport/UnityEditor.WindowsStandalone.Extensions.dll
Registered in 0.002175 seconds.
Native extension for WindowsStandalone target not found
Refreshing native plugins compatible for Editor in 122.25 ms, found 3 plugins.
Preloading 0 native plugins for Editor in 0.00 ms.
Mono: successfully reloaded assembly
- Completed reload, in  0.591 seconds
Domain Reload Profiling:
	ReloadAssembly (591ms)
		BeginReloadAssembly (58ms)
			ExecutionOrderSort (0ms)
			DisableScriptedObjects (0ms)
			BackupInstance (0ms)
			ReleaseScriptingObjects (0ms)
			CreateAndSetChildDomain (1ms)
		EndReloadAssembly (439ms)
			LoadAssemblies (57ms)
			RebuildTransferFunctionScriptingTraits (0ms)
			SetupTypeCache (93ms)
			ReleaseScriptCaches (0ms)
			RebuildScriptCaches (21ms)
			SetupLoadedEditorAssemblies (284ms)
				LogAssemblyErrors (0ms)
				InitializePlatformSupportModulesInManaged (6ms)
				SetLoadedEditorAssemblies (0ms)
				RefreshPlugins (122ms)
				BeforeProcessingInitializeOnLoad (1ms)
				ProcessInitializeOnLoadAttributes (115ms)
				ProcessInitializeOnLoadMethodAttributes (40ms)
				AfterProcessingInitializeOnLoad (0ms)
				EditorAssembliesLoaded (0ms)
			ExecutionOrderSort2 (0ms)
			AwakeInstancesAfterBackupRestoration (0ms)
Platform modules already initialized, skipping
Registering precompiled user dll's ...
Registered in 0.005434 seconds.
Begin MonoManager ReloadAssembly
Symbol file LoadedFromMemory doesn't match image D:\UnityProjects\2007 repo\COMP2007-cw2\Comp2007cw2\Library\PackageCache\com.unity.visualscripting@1.8.0\Editor\VisualScripting.Core\Dependencies\YamlDotNet\Unity.VisualScripting.YamlDotNet.dll
Symbol file LoadedFromMemory doesn't match image D:\UnityProjects\2007 repo\COMP2007-cw2\Comp2007cw2\Library\PackageCache\com.unity.visualscripting@1.8.0\Editor\VisualScripting.Core\Dependencies\DotNetZip\Unity.VisualScripting.IonicZip.dll
Native extension for WindowsStandalone target not found
Refreshing native plugins compatible for Editor in 117.91 ms, found 3 plugins.
Preloading 0 native plugins for Editor in 0.00 ms.
Mono: successfully reloaded assembly
- Completed reload, in  1.168 seconds
Domain Reload Profiling:
	ReloadAssembly (1168ms)
		BeginReloadAssembly (102ms)
			ExecutionOrderSort (0ms)
			DisableScriptedObjects (5ms)
			BackupInstance (0ms)
			ReleaseScriptingObjects (0ms)
			CreateAndSetChildDomain (18ms)
		EndReloadAssembly (966ms)
			LoadAssemblies (81ms)
			RebuildTransferFunctionScriptingTraits (0ms)
			SetupTypeCache (245ms)
			ReleaseScriptCaches (1ms)
			RebuildScriptCaches (58ms)
			SetupLoadedEditorAssemblies (553ms)
				LogAssemblyErrors (0ms)
				InitializePlatformSupportModulesInManaged (3ms)
				SetLoadedEditorAssemblies (0ms)
				RefreshPlugins (118ms)
				BeforeProcessingInitializeOnLoad (111ms)
				ProcessInitializeOnLoadAttributes (241ms)
				ProcessInitializeOnLoadMethodAttributes (77ms)
				AfterProcessingInitializeOnLoad (2ms)
				EditorAssembliesLoaded (0ms)
			ExecutionOrderSort2 (0ms)
			AwakeInstancesAfterBackupRestoration (8ms)
Platform modules already initialized, skipping
========================================================================
Worker process is ready to serve import requests
Launched and connected shader compiler UnityShaderCompiler.exe after 0.04 seconds
Refreshing native plugins compatible for Editor in 1.83 ms, found 3 plugins.
Preloading 0 native plugins for Editor in 0.00 ms.
Unloading 5655 Unused Serialized files (Serialized files now loaded: 0)
Unloading 45 unused Assets / (456.4 KB). Loaded Objects now: 6122.
Memory consumption went from 227.4 MB to 227.0 MB.
Total: 3.756000 ms (FindLiveObjects: 0.551000 ms CreateObjectMapping: 0.188400 ms MarkObjects: 2.806100 ms  DeleteObjects: 0.209300 ms)

AssetImportParameters requested are different than current active one (requested -> active):
  custom:video-decoder-ogg-theora: a1e56fd34408186e4bbccfd4996cb3dc -> 
  custom:container-muxer-webm: aa71ff27fc2769a1b78a27578f13a17b -> 
  custom:container-demuxer-webm: 4f35f7cbe854078d1ac9338744f61a02 -> 
  custom:video-encoder-webm-vp8: eb34c28f22e8b96e1ab97ce403110664 -> 
  custom:video-codec-MediaFoundation-h265: 746d11721c4dcdbdad8f713fa42b33f4 -> 
  custom:audio-encoder-webm-vorbis: bf7c407c2cedff20999df2af8eb42d56 -> 
  custom:framework-win-MediaFoundation: 216162199b28c13a410421893ffa2e32 -> 
  custom:container-demuxer-ogg: 62fdf1f143b41e24485cea50d1cbac27 -> 
  custom:video-decoder-webm-vp8: 9c59270c3fd7afecdb556c50c9e8de78 -> 
  custom:audio-decoder-ogg-vorbis: bf7c407c2cedff20999df2af8eb42d56 -> 
========================================================================
Received Import Request.
  Time since last request: 354.983716 seconds.
  path: Assets/2010-09-03_14-45-52.jpg
  artifactKey: Guid(6779cc9c9efb64d4bab8e28efdb5a6f0) Importer(815301076,1909f56bfc062723c751e8b465ee728b)
Start importing Assets/2010-09-03_14-45-52.jpg using Guid(6779cc9c9efb64d4bab8e28efdb5a6f0) Importer(815301076,1909f56bfc062723c751e8b465ee728b)  -> (artifact id: '0bde90827078945619814a4820232fdd') in 0.078415 seconds 
========================================================================
Received Import Request.
  Time since last request: 0.000024 seconds.
  path: Assets/OldLeather_S.jpg
  artifactKey: Guid(dd765e2f7a3ca3548ace3f87947010f6) Importer(815301076,1909f56bfc062723c751e8b465ee728b)
Start importing Assets/OldLeather_S.jpg using Guid(dd765e2f7a3ca3548ace3f87947010f6) Importer(815301076,1909f56bfc062723c751e8b465ee728b)  -> (artifact id: '13cec2217d9041879137fae5a0103fae') in 0.012964 seconds 
========================================================================
Received Import Request.
  Time since last request: 0.000032 seconds.
  path: Assets/metall010-new-tileable-bar.png
  artifactKey: Guid(61a7c6fe34ebfbd48a31463dc7259926) Importer(815301076,1909f56bfc062723c751e8b465ee728b)
Start importing Assets/metall010-new-tileable-bar.png using Guid(61a7c6fe34ebfbd48a31463dc7259926) Importer(815301076,1909f56bfc062723c751e8b465ee728b)  -> (artifact id: '2ea46102e29151432782f9d141660e9c') in 0.013494 seconds 
========================================================================
Received Import Request.
  Time since last request: 0.000025 seconds.
  path: Assets/2010-09-04_08-48-45.jpg
  artifactKey: Guid(7f92ea653ae68c94cbe18c6f1622d1ed) Importer(815301076,1909f56bfc062723c751e8b465ee728b)
Start importing Assets/2010-09-04_08-48-45.jpg using Guid(7f92ea653ae68c94cbe18c6f1622d1ed) Importer(815301076,1909f56bfc062723c751e8b465ee728b)  -> (artifact id: 'be6335f86a858af43abee636a518468a') in 0.008805 seconds 
========================================================================
Received Import Request.
  Time since last request: 0.000026 seconds.
  path: Assets/Velvet_S.jpg
  artifactKey: Guid(ddd37ca748163404da8686f9286ceb50) Importer(815301076,1909f56bfc062723c751e8b465ee728b)
Start importing Assets/Velvet_S.jpg using Guid(ddd37ca748163404da8686f9286ceb50) Importer(815301076,1909f56bfc062723c751e8b465ee728b)  -> (artifact id: '1fc7017b945a4db1a7b9b72db829f244') in 0.007675 seconds 
========================================================================
Received Import Request.
  Time since last request: 0.000028 seconds.
  path: Assets/Velvet_N.jpg
  artifactKey: Guid(16edf0dff9080574b98e801fac4c6220) Importer(815301076,1909f56bfc062723c751e8b465ee728b)
Start importing Assets/Velvet_N.jpg using Guid(16edf0dff9080574b98e801fac4c6220) Importer(815301076,1909f56bfc062723c751e8b465ee728b)  -> (artifact id: 'ff43a4298a977150ea83622f822f9620') in 0.007981 seconds 
========================================================================
Received Import Request.
  Time since last request: 0.000030 seconds.
  path: Assets/wood5.png
  artifactKey: Guid(419c795c7caf6da438809e703effc46b) Importer(815301076,1909f56bfc062723c751e8b465ee728b)
Start importing Assets/wood5.png using Guid(419c795c7caf6da438809e703effc46b) Importer(815301076,1909f56bfc062723c751e8b465ee728b)  -> (artifact id: '7d26f27ce056f37b457832f21fc380df') in 0.008111 seconds 
========================================================================
Received Import Request.
  Time since last request: 1713.363388 seconds.
  path: Assets/newFloor.mat
  artifactKey: Guid(be83f03862ded094f886345bf8bcb61b) Importer(815301076,1909f56bfc062723c751e8b465ee728b)
Start importing Assets/newFloor.mat using Guid(be83f03862ded094f886345bf8bcb61b) Importer(815301076,1909f56bfc062723c751e8b465ee728b)  -> (artifact id: '561bc0d8aeda8c0ccb193b7152f7d9ef') in 0.201320 seconds 
========================================================================
Received Import Request.
  Time since last request: 2870.028009 seconds.
  path: Assets/Material.002.mat
  artifactKey: Guid(97df2d691a899cc44be79acf0be2cf96) Importer(815301076,1909f56bfc062723c751e8b465ee728b)
Start importing Assets/Material.002.mat using Guid(97df2d691a899cc44be79acf0be2cf96) Importer(815301076,1909f56bfc062723c751e8b465ee728b)  -> (artifact id: 'f84a5c89fcb9fbbae4bb2bb44a6bd075') in 0.010602 seconds 
========================================================================
Received Import Request.
  Time since last request: 274.271908 seconds.
  path: Assets/DockWood.mat
  artifactKey: Guid(efd645d29ae6f004f82b1c218ee24de6) Importer(815301076,1909f56bfc062723c751e8b465ee728b)
Start importing Assets/DockWood.mat using Guid(efd645d29ae6f004f82b1c218ee24de6) Importer(815301076,1909f56bfc062723c751e8b465ee728b)  -> (artifact id: 'f421de194857d2cab1535668f92ac482') in 0.010372 seconds 
========================================================================
Received Import Request.
  Time since last request: 0.000023 seconds.
  path: Assets/Roof.mat
  artifactKey: Guid(40985dfca9e235c4eb07c09670fff45f) Importer(815301076,1909f56bfc062723c751e8b465ee728b)
Start importing Assets/Roof.mat using Guid(40985dfca9e235c4eb07c09670fff45f) Importer(815301076,1909f56bfc062723c751e8b465ee728b)  -> (artifact id: '07deb48122e4d9efb363b402a195becb') in 0.009026 seconds 
========================================================================
Received Import Request.
  Time since last request: 0.000031 seconds.
  path: Assets/Material.001.mat
  artifactKey: Guid(7a52a933237450c408e277662c1e55f8) Importer(815301076,1909f56bfc062723c751e8b465ee728b)
Start importing Assets/Material.001.mat using Guid(7a52a933237450c408e277662c1e55f8) Importer(815301076,1909f56bfc062723c751e8b465ee728b)  -> (artifact id: 'e8854349d3ea6ab30752795d49420bc9') in 0.009395 seconds 
========================================================================
Received Import Request.
  Time since last request: 0.000027 seconds.
  path: Assets/Plank.mat
  artifactKey: Guid(5f199caebe0f71248b538431a4194e28) Importer(815301076,1909f56bfc062723c751e8b465ee728b)
Start importing Assets/Plank.mat using Guid(5f199caebe0f71248b538431a4194e28) Importer(815301076,1909f56bfc062723c751e8b465ee728b)  -> (artifact id: 'bd985e06897c897b8ba857ec5362b0bd') in 0.009279 seconds 
========================================================================
Received Import Request.
  Time since last request: 0.000038 seconds.
  path: Assets/Material.001 1.mat
  artifactKey: Guid(4062d2c8b11450a4abd3b4e1cead963a) Importer(815301076,1909f56bfc062723c751e8b465ee728b)
Start importing Assets/Material.001 1.mat using Guid(4062d2c8b11450a4abd3b4e1cead963a) Importer(815301076,1909f56bfc062723c751e8b465ee728b)  -> (artifact id: '0d145c2c81e09cbfc7d041fc2581bf38') in 0.010133 seconds 
Editor requested this worker to shutdown with reason: Scaling down because of idle timeout
AssetImportWorker is now disconnected from the server
Process exiting
Exiting without the bug reporter. Application will terminate with return code 0